Flow report for pcihello
Mon Dec 03 15:56:44 2018
Quartus II 64-Bit Version 14.1.0 Build 186 12/03/2014 SJ Web Edition


---------------------
; Table of Contents ;
---------------------
  1. Legal Notice
  2. Flow Summary
  3. Flow Settings
  4. Flow Non-Default Global Settings
  5. Flow Elapsed Time
  6. Flow OS Summary
  7. Flow Log
  8. Flow Messages
  9. Flow Suppressed Messages



----------------
; Legal Notice ;
----------------
Copyright (C) 1991-2014 Altera Corporation. All rights reserved.
Your use of Altera Corporation's design tools, logic functions 
and other software and tools, and its AMPP partner logic 
functions, and any output files from any of the foregoing 
(including device programming or simulation files), and any 
associated documentation or information are expressly subject 
to the terms and conditions of the Altera Program License 
Subscription Agreement, the Altera Quartus II License Agreement,
the Altera MegaCore Function License Agreement, or other 
applicable license agreement, including, without limitation, 
that your use is for the sole purpose of programming logic 
devices manufactured by Altera and sold by Altera or its 
authorized distributors.  Please refer to the applicable 
agreement for further details.



+---------------------------------------------------------------------------------+
; Flow Summary                                                                    ;
+------------------------------------+--------------------------------------------+
; Flow Status                        ; Successful - Mon Dec 03 15:56:44 2018      ;
; Quartus II 64-Bit Version          ; 14.1.0 Build 186 12/03/2014 SJ Web Edition ;
; Revision Name                      ; pcihello                                   ;
; Top-level Entity Name              ; pcihello                                   ;
; Family                             ; Cyclone IV GX                              ;
; Device                             ; EP4CGX150DF31C7                            ;
; Timing Models                      ; Final                                      ;
; Total logic elements               ; 4,792 / 149,760 ( 3 % )                    ;
;     Total combinational functions  ; 4,143 / 149,760 ( 3 % )                    ;
;     Dedicated logic registers      ; 2,906 / 149,760 ( 2 % )                    ;
; Total registers                    ; 2906                                       ;
; Total pins                         ; 119 / 508 ( 23 % )                         ;
; Total virtual pins                 ; 0                                          ;
; Total memory bits                  ; 54,704 / 6,635,520 ( < 1 % )               ;
; Embedded Multiplier 9-bit elements ; 0 / 720 ( 0 % )                            ;
; Total GXB Receiver Channel PCS     ; 1 / 8 ( 13 % )                             ;
; Total GXB Receiver Channel PMA     ; 1 / 8 ( 13 % )                             ;
; Total GXB Transmitter Channel PCS  ; 1 / 8 ( 13 % )                             ;
; Total GXB Transmitter Channel PMA  ; 1 / 8 ( 13 % )                             ;
; Total PLLs                         ; 1 / 8 ( 13 % )                             ;
+------------------------------------+--------------------------------------------+


+-----------------------------------------+
; Flow Settings                           ;
+-------------------+---------------------+
; Option            ; Setting             ;
+-------------------+---------------------+
; Start date & time ; 12/03/2018 15:54:05 ;
; Main task         ; Compilation         ;
; Revision Name     ; pcihello            ;
+-------------------+---------------------+


+----------------------------------------------------------------------------------------------------------------------------+
; Flow Non-Default Global Settings                                                                                           ;
+-------------------------------------+---------------------------------------+---------------+-------------+----------------+
; Assignment Name                     ; Value                                 ; Default Value ; Entity Name ; Section Id     ;
+-------------------------------------+---------------------------------------+---------------+-------------+----------------+
; COMPILER_SIGNATURE_ID               ; 62580476983111.154385964508560        ; --            ; --          ; --             ;
; EDA_OUTPUT_DATA_FORMAT              ; Verilog Hdl                           ; --            ; --          ; eda_simulation ;
; EDA_SIMULATION_TOOL                 ; ModelSim-Altera (Verilog)             ; <None>        ; --          ; --             ;
; MAX_CORE_JUNCTION_TEMP              ; 85                                    ; --            ; --          ; --             ;
; MIN_CORE_JUNCTION_TEMP              ; 0                                     ; --            ; --          ; --             ;
; PARTITION_COLOR                     ; 16764057                              ; --            ; --          ; Top            ;
; PARTITION_FITTER_PRESERVATION_LEVEL ; PLACEMENT_AND_ROUTING                 ; --            ; --          ; Top            ;
; PARTITION_NETLIST_TYPE              ; SOURCE                                ; --            ; --          ; Top            ;
; POWER_BOARD_THERMAL_MODEL           ; None (CONSERVATIVE)                   ; --            ; --          ; --             ;
; POWER_PRESET_COOLING_SOLUTION       ; 23 MM HEAT SINK WITH 200 LFPM AIRFLOW ; --            ; --          ; --             ;
; SEARCH_PATH                         ; db/ip/pcihellocore/                   ; --            ; --          ; --             ;
; SEARCH_PATH                         ; db/ip/pcihellocore/submodules/        ; --            ; --          ; --             ;
; SEARCH_PATH                         ; pcihellocore/synthesis/               ; --            ; --          ; --             ;
; SEARCH_PATH                         ; pcihellocore/synthesis/submodules/    ; --            ; --          ; --             ;
+-------------------------------------+---------------------------------------+---------------+-------------+----------------+


+-------------------------------------------------------------------------------------------------------------------------------+
; Flow Elapsed Time                                                                                                             ;
+---------------------------+--------------+-------------------------+---------------------+------------------------------------+
; Module Name               ; Elapsed Time ; Average Processors Used ; Peak Virtual Memory ; Total CPU Time (on all processors) ;
+---------------------------+--------------+-------------------------+---------------------+------------------------------------+
; Analysis & Synthesis      ; 00:01:00     ; 1.0                     ; 5051 MB             ; 00:01:38                           ;
; Fitter                    ; 00:00:35     ; 1.3                     ; 6042 MB             ; 00:00:48                           ;
; Assembler                 ; 00:00:07     ; 1.0                     ; 4819 MB             ; 00:00:07                           ;
; TimeQuest Timing Analyzer ; 00:00:07     ; 1.0                     ; 5082 MB             ; 00:00:05                           ;
; EDA Netlist Writer        ; 00:00:37     ; 1.0                     ; 4846 MB             ; 00:00:37                           ;
; Total                     ; 00:02:26     ; --                      ; --                  ; 00:03:15                           ;
+---------------------------+--------------+-------------------------+---------------------+------------------------------------+


+----------------------------------------------------------------------------------------+
; Flow OS Summary                                                                        ;
+---------------------------+------------------+-----------+------------+----------------+
; Module Name               ; Machine Hostname ; OS Name   ; OS Version ; Processor type ;
+---------------------------+------------------+-----------+------------+----------------+
; Analysis & Synthesis      ; 8-101-19         ; Windows 7 ; 6.2        ; x86_64         ;
; Fitter                    ; 8-101-19         ; Windows 7 ; 6.2        ; x86_64         ;
; Assembler                 ; 8-101-19         ; Windows 7 ; 6.2        ; x86_64         ;
; TimeQuest Timing Analyzer ; 8-101-19         ; Windows 7 ; 6.2        ; x86_64         ;
; EDA Netlist Writer        ; 8-101-19         ; Windows 7 ; 6.2        ; x86_64         ;
+---------------------------+------------------+-----------+------------+----------------+


------------
; Flow Log ;
------------
quartus_map --read_settings_files=on --write_settings_files=off pcihello -c pcihello
quartus_fit --read_settings_files=off --write_settings_files=off pcihello -c pcihello
quartus_asm --read_settings_files=off --write_settings_files=off pcihello -c pcihello
quartus_sta pcihello -c pcihello
quartus_eda --read_settings_files=off --write_settings_files=off pcihello -c pcihello



